<?xml version="1.0" encoding="UTF-8"?>
<testng-results ignored="0" total="1" passed="1" failed="0" skipped="0">
  <reporter-output>
  </reporter-output>
  <suite started-at="2023-01-17T20:10:51 EET" name="Default suite" finished-at="2023-01-17T20:11:20 EET" duration-ms="28874">
    <groups>
    </groups>
    <test started-at="2023-01-17T20:10:51 EET" name="Default test" finished-at="2023-01-17T20:11:20 EET" duration-ms="28874">
      <class name="selenium.Details">
        <test-method signature="Tested1()[pri:0, instance:selenium.Details@e15b7e8]" started-at="2023-01-17T20:10:51 EET" name="Tested1" finished-at="2023-01-17T20:11:20 EET" duration-ms="28759" status="PASS">
          <reporter-output>
          </reporter-output>
        </test-method> <!-- Tested1 -->
      </class> <!-- selenium.Details -->
    </test> <!-- Default test -->
  </suite> <!-- Default suite -->
</testng-results>
