<?xml version="1.0" encoding="UTF-8"?>
<testng-results ignored="0" total="1" passed="1" failed="0" skipped="0">
  <reporter-output>
  </reporter-output>
  <suite started-at="2023-01-16T23:19:23 EET" name="Default suite" finished-at="2023-01-16T23:19:46 EET" duration-ms="23091">
    <groups>
    </groups>
    <test started-at="2023-01-16T23:19:23 EET" name="Default test" finished-at="2023-01-16T23:19:46 EET" duration-ms="23091">
      <class name="selenium.Test1">
        <test-method signature="Tested()[pri:0, instance:selenium.Test1@209da20d]" started-at="2023-01-16T23:19:24 EET" name="Tested" finished-at="2023-01-16T23:19:46 EET" duration-ms="22932" status="PASS">
          <reporter-output>
          </reporter-output>
        </test-method> <!-- Tested -->
      </class> <!-- selenium.Test1 -->
    </test> <!-- Default test -->
  </suite> <!-- Default suite -->
</testng-results>
